Loading gcc/13.2.0-gcc-8.5.0-sfeapnb
  Loading requirement: gmp/6.2.1-gcc-8.5.0-jqpekoi mpfr/4.2.0-gcc-8.5.0-qoqvuux
    mpc/1.3.1-gcc-8.5.0-d3tf37d zlib-ng/2.1.4-gcc-8.5.0-c5jsf5a
    zstd/1.5.5-gcc-8.5.0-4toefmh
ERROR: Unable to locate a modulefile for 'openblas'
Norms of orthonormal vectors:
||u[0]|| = 1.000000000000
||u[1]|| = 1.000000000000
||u[2]|| = 1.000000000000
||u[3]|| = 1.000000000000
||u[4]|| = 1.000000000000
||u[5]|| = 1.000000000000
||u[6]|| = 1.000000000000
||u[7]|| = 1.000000000000
||u[8]|| = 1.000000000000
||u[9]|| = 1.000000000000

Inner products:
<u[0],u[0]> = -0.00e+00 + -0.00e+00i
<u[0],u[1]> = -0.00e+00 + -0.00e+00i
<u[0],u[2]> = -0.00e+00 + -0.00e+00i
<u[0],u[3]> = -0.00e+00 + -0.00e+00i
<u[0],u[4]> = -0.00e+00 + -0.00e+00i
<u[0],u[5]> = -0.00e+00 + -0.00e+00i
<u[0],u[6]> = -0.00e+00 + -0.00e+00i
<u[0],u[7]> = -0.00e+00 + -0.00e+00i
<u[0],u[8]> = -0.00e+00 + -0.00e+00i
<u[0],u[9]> = -0.00e+00 + -0.00e+00i

<u[1],u[0]> = -0.00e+00 + -0.00e+00i
<u[1],u[1]> = -0.00e+00 + -0.00e+00i
<u[1],u[2]> = -0.00e+00 + -0.00e+00i
<u[1],u[3]> = -0.00e+00 + -0.00e+00i
<u[1],u[4]> = -0.00e+00 + -0.00e+00i
<u[1],u[5]> = -0.00e+00 + -0.00e+00i
<u[1],u[6]> = -0.00e+00 + -0.00e+00i
<u[1],u[7]> = -0.00e+00 + -0.00e+00i
<u[1],u[8]> = -0.00e+00 + -0.00e+00i
<u[1],u[9]> = -0.00e+00 + -0.00e+00i

<u[2],u[0]> = -0.00e+00 + -0.00e+00i
<u[2],u[1]> = -0.00e+00 + -0.00e+00i
<u[2],u[2]> = -0.00e+00 + -0.00e+00i
<u[2],u[3]> = -0.00e+00 + -0.00e+00i
<u[2],u[4]> = -0.00e+00 + -0.00e+00i
<u[2],u[5]> = -0.00e+00 + -0.00e+00i
<u[2],u[6]> = -0.00e+00 + -0.00e+00i
<u[2],u[7]> = -0.00e+00 + -0.00e+00i
<u[2],u[8]> = -0.00e+00 + -0.00e+00i
<u[2],u[9]> = -0.00e+00 + -0.00e+00i

<u[3],u[0]> = -0.00e+00 + -0.00e+00i
<u[3],u[1]> = -0.00e+00 + -0.00e+00i
<u[3],u[2]> = -0.00e+00 + -0.00e+00i
<u[3],u[3]> = -0.00e+00 + -0.00e+00i
<u[3],u[4]> = -0.00e+00 + -0.00e+00i
<u[3],u[5]> = -0.00e+00 + -0.00e+00i
<u[3],u[6]> = -0.00e+00 + -0.00e+00i
<u[3],u[7]> = -0.00e+00 + -0.00e+00i
<u[3],u[8]> = -0.00e+00 + -0.00e+00i
<u[3],u[9]> = -0.00e+00 + -0.00e+00i

<u[4],u[0]> = -0.00e+00 + -0.00e+00i
<u[4],u[1]> = -0.00e+00 + -0.00e+00i
<u[4],u[2]> = -0.00e+00 + -0.00e+00i
<u[4],u[3]> = -0.00e+00 + -0.00e+00i
<u[4],u[4]> = -0.00e+00 + -0.00e+00i
<u[4],u[5]> = -0.00e+00 + -0.00e+00i
<u[4],u[6]> = -0.00e+00 + -0.00e+00i
<u[4],u[7]> = -0.00e+00 + -0.00e+00i
<u[4],u[8]> = -0.00e+00 + -0.00e+00i
<u[4],u[9]> = -0.00e+00 + -0.00e+00i

<u[5],u[0]> = -0.00e+00 + -0.00e+00i
<u[5],u[1]> = -0.00e+00 + -0.00e+00i
<u[5],u[2]> = -0.00e+00 + -0.00e+00i
<u[5],u[3]> = -0.00e+00 + -0.00e+00i
<u[5],u[4]> = -0.00e+00 + -0.00e+00i
<u[5],u[5]> = -0.00e+00 + -0.00e+00i
<u[5],u[6]> = -0.00e+00 + -0.00e+00i
<u[5],u[7]> = -0.00e+00 + -0.00e+00i
<u[5],u[8]> = -0.00e+00 + -0.00e+00i
<u[5],u[9]> = -0.00e+00 + -0.00e+00i

<u[6],u[0]> = -0.00e+00 + -0.00e+00i
<u[6],u[1]> = -0.00e+00 + -0.00e+00i
<u[6],u[2]> = -0.00e+00 + -0.00e+00i
<u[6],u[3]> = -0.00e+00 + -0.00e+00i
<u[6],u[4]> = -0.00e+00 + -0.00e+00i
<u[6],u[5]> = -0.00e+00 + -0.00e+00i
<u[6],u[6]> = -0.00e+00 + -0.00e+00i
<u[6],u[7]> = -0.00e+00 + -0.00e+00i
<u[6],u[8]> = -0.00e+00 + -0.00e+00i
<u[6],u[9]> = -0.00e+00 + -0.00e+00i

<u[7],u[0]> = -0.00e+00 + -0.00e+00i
<u[7],u[1]> = -0.00e+00 + -0.00e+00i
<u[7],u[2]> = -0.00e+00 + -0.00e+00i
<u[7],u[3]> = -0.00e+00 + -0.00e+00i
<u[7],u[4]> = -0.00e+00 + -0.00e+00i
<u[7],u[5]> = -0.00e+00 + -0.00e+00i
<u[7],u[6]> = -0.00e+00 + -0.00e+00i
<u[7],u[7]> = -0.00e+00 + -0.00e+00i
<u[7],u[8]> = -0.00e+00 + -0.00e+00i
<u[7],u[9]> = -0.00e+00 + -0.00e+00i

<u[8],u[0]> = -0.00e+00 + -0.00e+00i
<u[8],u[1]> = -0.00e+00 + -0.00e+00i
<u[8],u[2]> = -0.00e+00 + -0.00e+00i
<u[8],u[3]> = -0.00e+00 + -0.00e+00i
<u[8],u[4]> = -0.00e+00 + -0.00e+00i
<u[8],u[5]> = -0.00e+00 + -0.00e+00i
<u[8],u[6]> = -0.00e+00 + -0.00e+00i
<u[8],u[7]> = -0.00e+00 + -0.00e+00i
<u[8],u[8]> = -0.00e+00 + -0.00e+00i
<u[8],u[9]> = -0.00e+00 + -0.00e+00i

<u[9],u[0]> = -0.00e+00 + -0.00e+00i
<u[9],u[1]> = -0.00e+00 + -0.00e+00i
<u[9],u[2]> = -0.00e+00 + -0.00e+00i
<u[9],u[3]> = -0.00e+00 + -0.00e+00i
<u[9],u[4]> = -0.00e+00 + -0.00e+00i
<u[9],u[5]> = -0.00e+00 + -0.00e+00i
<u[9],u[6]> = -0.00e+00 + -0.00e+00i
<u[9],u[7]> = -0.00e+00 + -0.00e+00i
<u[9],u[8]> = -0.00e+00 + -0.00e+00i
<u[9],u[9]> = -0.00e+00 + -0.00e+00i



###############################################################################
TCHPC Cluster: seagull
Job 35457 (job.sh) for User 'srajendr' in Account 'mschpc'
Finished at: Fri Jan  2 18:23:55 GMT 2026

Job efficiency estimates:
=========================



Job completion status:
======================

JobID           JobName AllocCPUS NTasks NNodes     MaxRSS    MaxRSSNode  MaxDiskRead MaxDiskWrite    Elapsed      State ExitCode 
------------ ---------- --------- ------ ------ ---------- ------------- ------------ ------------ ---------- ---------- -------- 
35457            job.sh         1             1                                                      00:00:00    RUNNING      0:0 
35457.batch       batch         1      1      1      6936K  seagull-n001            0        0.00M   00:00:00  COMPLETED      0:0 
35457.extern     extern         1      1      1                                                      00:00:00    RUNNING      0:0 


Job details:
============

JobId=35457 JobName=job.sh
   UserId=srajendr(2223) GroupId=srajendr(2155) MCS_label=N/A
   Priority=712412 Nice=0 Account=mschpc QOS=normal
   JobState=COMPLETING Reason=None Dependency=(null)
   Requeue=0 Restarts=0 BatchFlag=1 Reboot=0 ExitCode=0:0
   DerivedExitCode=0:0
   RunTime=00:00:00 TimeLimit=1-00:00:00 TimeMin=N/A
   SubmitTime=2026-01-02T18:23:55 EligibleTime=2026-01-02T18:23:55
   AccrueTime=2026-01-02T18:23:55
   StartTime=2026-01-02T18:23:55 EndTime=2026-01-02T18:23:55 Deadline=N/A
   SuspendTime=None SecsPreSuspend=0 LastSchedEval=2026-01-02T18:23:55 Scheduler=Backfill
   Partition=compute AllocNode:Sid=seagull01.cluster:2373048
   ReqNodeList=(null) ExcNodeList=(null)
   NodeList=seagull-n001
   BatchHost=seagull-n001
   NumNodes=1 NumCPUs=1 NumTasks=1 CPUs/Task=1 ReqB:S:C:T=0:0:*:*
   ReqTRES=cpu=1,mem=63000M,node=1,billing=1
   AllocTRES=cpu=1,mem=63000M,node=1,billing=1
   Socks/Node=* NtasksPerN:B:S:C=0:0:*:* CoreSpec=*
   JOB_GRES=(null)
     Nodes=seagull-n001 CPU_IDs=0 Mem=63000 GRES=
   MinCPUsNode=1 MinMemoryNode=63000M MinTmpDiskNode=0
   Features=(null) DelayBoot=00:00:00
   OverSubscribe=OK Contiguous=0 Licenses=(null) LicensesAlloc=(null) Network=(null)
   Command=/home/users/mschpc/2025/srajendr/job.sh
   WorkDir=/home/users/mschpc/2025/srajendr
   StdErr=/home/users/mschpc/2025/srajendr/slurm-35457.out
   StdIn=/dev/null
   StdOut=/home/users/mschpc/2025/srajendr/slurm-35457.out
   


SLURM Bank Statement:
=====================

User           Usage |        Account     Usage | Account Limit Available (CPU hrs)
---------- --------- + -------------- --------- + ------------- ---------
ashech             0 |         MSCHPC        18 |        10,000     9,982
cheny35            0 |         MSCHPC        18 |        10,000     9,982
chojnace           0 |         MSCHPC        18 |        10,000     9,982
czhang4            0 |         MSCHPC        18 |        10,000     9,982
ecurry             1 |         MSCHPC        18 |        10,000     9,982
fugu               0 |         MSCHPC        18 |        10,000     9,982
killalel           0 |         MSCHPC        18 |        10,000     9,982
knightsk           1 |         MSCHPC        18 |        10,000     9,982
lanem2             0 |         MSCHPC        18 |        10,000     9,982
mcleodco           0 |         MSCHPC        18 |        10,000     9,982
mli7               0 |         MSCHPC        18 |        10,000     9,982
ofarrepa          11 |         MSCHPC        18 |        10,000     9,982
prasannp           0 |         MSCHPC        18 |        10,000     9,982
sheriddy           0 |         MSCHPC        18 |        10,000     9,982
srajendr           0 |         MSCHPC        18 |        10,000     9,982
szhang2            0 |         MSCHPC        18 |        10,000     9,982
vacariem           0 |         MSCHPC        18 |        10,000     9,982
xiangyu            0 |         MSCHPC        18 |        10,000     9,982
xniu               1 |         MSCHPC        18 |        10,000     9,982
yangmi             0 |         MSCHPC        18 |        10,000     9,982
yaoco              3 |         MSCHPC        18 |        10,000     9,982


Acknowledgements:
=================

Note that usage of TCHPC Resources *must* be acknowledged in all publications.

Please see this page for details relevant to this cluster:

http://www.tchpc.tcd.ie/resources/acknowledgementpolicy

################################################################################
